2016-09-02 09:42:24,611 [ModalContext] INFO  o.e.m.c.i.e.AbstractTransferListenerAdapter - Downloading https://repo.maven.apache.org/maven2/org/apache/maven/archetypes/maven-archetype-quickstart/1.1/maven-archetype-quickstart-1.1.jar
2016-09-02 09:42:24,705 [ModalContext] INFO  o.e.m.c.i.e.AbstractTransferListenerAdapter - Downloaded https://repo.maven.apache.org/maven2/org/apache/maven/archetypes/maven-archetype-quickstart/1.1/maven-archetype-quickstart-1.1.jar
2016-09-02 09:42:24,720 [ModalContext] INFO  o.e.m.c.i.e.AbstractTransferListenerAdapter - Downloading https://repo.maven.apache.org/maven2/org/apache/maven/archetypes/maven-archetype-quickstart/1.1/maven-archetype-quickstart-1.1.pom
2016-09-02 09:42:24,923 [ModalContext] INFO  o.e.m.c.i.e.AbstractTransferListenerAdapter - Downloaded https://repo.maven.apache.org/maven2/org/apache/maven/archetypes/maven-archetype-quickstart/1.1/maven-archetype-quickstart-1.1.pom
2016-09-02 09:46:05,754 [Worker-16] INFO  o.e.m.c.i.p.ProjectConfigurationManager - Collecting project info '/pom.xml' C:\Users\Steve_Revature\my_git_repos\1608_Aug15_Java_Steven\Week_3_JSPs_and_Servlet\MavenDemo\pom.xml
2016-09-02 09:46:08,591 [Worker-16] INFO  o.e.m.c.i.l.LifecycleMappingFactory - Using org.eclipse.m2e.jdt.JarLifecycleMapping lifecycle mapping for MavenProject: RevatureDemo:MavenDemo:0.0.1-SNAPSHOT @ C:\Users\Steve_Revature\my_git_repos\1608_Aug15_Java_Steven\Week_3_JSPs_and_Servlet\MavenDemo\pom.xml.
2016-09-02 09:46:09,741 [Worker-16] INFO  o.e.m.j.i.AbstractJavaProjectConfigurator - Adding source folder /MavenDemo/src/main/java
2016-09-02 09:46:09,741 [Worker-16] INFO  o.e.m.j.i.AbstractJavaProjectConfigurator - Adding source folder /MavenDemo/src/test/java
2016-09-02 09:46:09,835 [Worker-16] INFO  o.e.m.c.i.p.ProjectConfigurationManager - Imported and configured 1 project(s) in 4 sec
2016-09-02 09:46:10,600 [Worker-15] INFO  o.e.m.c.i.embedder.EclipseLogger - Using 'UTF-8' encoding to copy filtered resources.
2016-09-02 09:46:10,616 [Worker-15] INFO  o.e.m.c.i.embedder.EclipseLogger - skip non existing resourceDirectory C:\Users\Steve_Revature\my_git_repos\1608_Aug15_Java_Steven\Week_3_JSPs_and_Servlet\MavenDemo\src\main\resources
2016-09-02 09:46:10,616 [Worker-15] INFO  o.e.m.c.i.embedder.EclipseLogger - Using 'UTF-8' encoding to copy filtered resources.
2016-09-02 09:46:10,616 [Worker-15] INFO  o.e.m.c.i.embedder.EclipseLogger - skip non existing resourceDirectory C:\Users\Steve_Revature\my_git_repos\1608_Aug15_Java_Steven\Week_3_JSPs_and_Servlet\MavenDemo\src\test\resources
2016-09-02 09:56:21,384 [Worker-20] INFO  o.e.m.c.i.l.LifecycleMappingFactory - Using org.eclipse.m2e.jdt.JarLifecycleMapping lifecycle mapping for MavenProject: RevatureDemo:MavenDemo:0.0.1-SNAPSHOT @ C:\Users\Steve_Revature\my_git_repos\1608_Aug15_Java_Steven\Week_3_JSPs_and_Servlet\MavenDemo\pom.xml.
2016-09-02 09:56:21,492 [Worker-20] INFO  o.e.m.c.i.e.AbstractTransferListenerAdapter - Downloading https://repo.maven.apache.org/maven2/junit/junit/4.12/junit-4.12.pom
2016-09-02 09:56:21,539 [Worker-20] INFO  o.e.m.c.i.e.AbstractTransferListenerAdapter - Downloaded https://repo.maven.apache.org/maven2/junit/junit/4.12/junit-4.12.pom
2016-09-02 09:56:21,564 [Worker-20] INFO  o.e.m.c.i.e.AbstractTransferListenerAdapter - Downloading https://repo.maven.apache.org/maven2/org/hamcrest/hamcrest-core/1.3/hamcrest-core-1.3.pom
2016-09-02 09:56:21,590 [Worker-20] INFO  o.e.m.c.i.e.AbstractTransferListenerAdapter - Downloaded https://repo.maven.apache.org/maven2/org/hamcrest/hamcrest-core/1.3/hamcrest-core-1.3.pom
2016-09-02 09:56:21,614 [Worker-20] INFO  o.e.m.c.i.e.AbstractTransferListenerAdapter - Downloading https://repo.maven.apache.org/maven2/org/hamcrest/hamcrest-parent/1.3/hamcrest-parent-1.3.pom
2016-09-02 09:56:21,662 [Worker-20] INFO  o.e.m.c.i.e.AbstractTransferListenerAdapter - Downloaded https://repo.maven.apache.org/maven2/org/hamcrest/hamcrest-parent/1.3/hamcrest-parent-1.3.pom
2016-09-02 09:56:21,710 [Worker-20] INFO  o.e.m.c.i.e.AbstractTransferListenerAdapter - Downloading https://repo.maven.apache.org/maven2/junit/junit/4.12/junit-4.12.jar
2016-09-02 09:56:21,852 [Worker-20] INFO  o.e.m.c.i.e.AbstractTransferListenerAdapter - Downloaded https://repo.maven.apache.org/maven2/junit/junit/4.12/junit-4.12.jar
2016-09-02 09:56:21,868 [Worker-20] INFO  o.e.m.c.i.e.AbstractTransferListenerAdapter - Downloading https://repo.maven.apache.org/maven2/org/hamcrest/hamcrest-core/1.3/hamcrest-core-1.3.jar
2016-09-02 09:56:22,017 [Worker-20] INFO  o.e.m.c.i.e.AbstractTransferListenerAdapter - Downloaded https://repo.maven.apache.org/maven2/org/hamcrest/hamcrest-core/1.3/hamcrest-core-1.3.jar
2016-09-02 09:56:22,512 [Worker-20] INFO  o.e.m.c.i.embedder.EclipseLogger - Using 'UTF-8' encoding to copy filtered resources.
2016-09-02 09:56:22,512 [Worker-20] INFO  o.e.m.c.i.embedder.EclipseLogger - skip non existing resourceDirectory C:\Users\Steve_Revature\my_git_repos\1608_Aug15_Java_Steven\Week_3_JSPs_and_Servlet\MavenDemo\src\main\resources
2016-09-02 09:56:22,514 [Worker-20] INFO  o.e.m.c.i.embedder.EclipseLogger - Using 'UTF-8' encoding to copy filtered resources.
2016-09-02 09:56:22,514 [Worker-20] INFO  o.e.m.c.i.embedder.EclipseLogger - skip non existing resourceDirectory C:\Users\Steve_Revature\my_git_repos\1608_Aug15_Java_Steven\Week_3_JSPs_and_Servlet\MavenDemo\src\test\resources
2016-09-02 09:56:23,973 [Worker-20] INFO  o.e.m.c.i.embedder.EclipseLogger - Using 'UTF-8' encoding to copy filtered resources.
2016-09-02 09:56:23,974 [Worker-20] INFO  o.e.m.c.i.embedder.EclipseLogger - skip non existing resourceDirectory C:\Users\Steve_Revature\my_git_repos\1608_Aug15_Java_Steven\Week_3_JSPs_and_Servlet\MavenDemo\src\main\resources
2016-09-02 09:56:23,975 [Worker-20] INFO  o.e.m.c.i.embedder.EclipseLogger - Using 'UTF-8' encoding to copy filtered resources.
2016-09-02 09:56:23,976 [Worker-20] INFO  o.e.m.c.i.embedder.EclipseLogger - skip non existing resourceDirectory C:\Users\Steve_Revature\my_git_repos\1608_Aug15_Java_Steven\Week_3_JSPs_and_Servlet\MavenDemo\src\test\resources
2016-09-02 09:56:38,057 [Worker-18] INFO  o.e.m.c.i.p.ProjectConfigurationManager - Update started
2016-09-02 09:56:38,637 [Worker-18] INFO  o.e.m.c.i.l.LifecycleMappingFactory - Using org.eclipse.m2e.jdt.JarLifecycleMapping lifecycle mapping for MavenProject: RevatureDemo:MavenDemo:0.0.1-SNAPSHOT @ C:\Users\Steve_Revature\my_git_repos\1608_Aug15_Java_Steven\Week_3_JSPs_and_Servlet\MavenDemo\pom.xml.
2016-09-02 09:56:38,851 [Worker-18] INFO  o.e.m.j.i.AbstractJavaProjectConfigurator - Adding source folder /MavenDemo/src/main/java
2016-09-02 09:56:38,855 [Worker-18] INFO  o.e.m.j.i.AbstractJavaProjectConfigurator - Adding source folder /MavenDemo/src/test/java
2016-09-02 09:56:38,995 [Worker-18] INFO  o.e.m.c.i.p.ProjectConfigurationManager - Update completed: 0 sec
2016-09-02 09:56:39,187 [Worker-18] INFO  o.e.m.c.i.embedder.EclipseLogger - Using 'UTF-8' encoding to copy filtered resources.
2016-09-02 09:56:39,192 [Worker-18] INFO  o.e.m.c.i.embedder.EclipseLogger - skip non existing resourceDirectory C:\Users\Steve_Revature\my_git_repos\1608_Aug15_Java_Steven\Week_3_JSPs_and_Servlet\MavenDemo\src\main\resources
2016-09-02 09:56:39,193 [Worker-18] INFO  o.e.m.c.i.embedder.EclipseLogger - Using 'UTF-8' encoding to copy filtered resources.
2016-09-02 09:56:39,200 [Worker-18] INFO  o.e.m.c.i.embedder.EclipseLogger - skip non existing resourceDirectory C:\Users\Steve_Revature\my_git_repos\1608_Aug15_Java_Steven\Week_3_JSPs_and_Servlet\MavenDemo\src\test\resources
2016-09-02 10:05:40,343 [ModalContext] INFO  o.e.m.c.i.e.AbstractTransferListenerAdapter - Downloading https://repo.maven.apache.org/maven2/org/apache/maven/archetypes/maven-archetype-webapp/1.0/maven-archetype-webapp-1.0.jar
2016-09-02 10:05:40,376 [ModalContext] INFO  o.e.m.c.i.e.AbstractTransferListenerAdapter - Downloaded https://repo.maven.apache.org/maven2/org/apache/maven/archetypes/maven-archetype-webapp/1.0/maven-archetype-webapp-1.0.jar
2016-09-02 10:05:40,395 [ModalContext] INFO  o.e.m.c.i.e.AbstractTransferListenerAdapter - Downloading https://repo.maven.apache.org/maven2/org/apache/maven/archetypes/maven-archetype-webapp/1.0/maven-archetype-webapp-1.0.pom
2016-09-02 10:05:40,417 [ModalContext] INFO  o.e.m.c.i.e.AbstractTransferListenerAdapter - Downloaded https://repo.maven.apache.org/maven2/org/apache/maven/archetypes/maven-archetype-webapp/1.0/maven-archetype-webapp-1.0.pom
2016-09-02 10:05:47,294 [Worker-26] INFO  o.e.m.c.i.p.ProjectConfigurationManager - Collecting project info '/pom.xml' C:\Users\Steve_Revature\my_git_repos\1608_Aug15_Java_Steven\Week_3_JSPs_and_Servlet\WebApp\pom.xml
2016-09-02 10:05:47,489 [Worker-26] INFO  o.e.m.c.i.l.LifecycleMappingFactory - Using org.maven.ide.eclipse.wtp.WarLifecycleMapping lifecycle mapping for MavenProject: RevatureDemo:WebApp:0.0.1-SNAPSHOT @ C:\Users\Steve_Revature\my_git_repos\1608_Aug15_Java_Steven\Week_3_JSPs_and_Servlet\WebApp\pom.xml.
2016-09-02 10:05:48,321 [Worker-26] INFO  o.e.m.j.i.AbstractJavaProjectConfigurator - Adding source folder /WebApp/src/main/java
2016-09-02 10:05:48,325 [Worker-26] INFO  o.e.m.j.i.AbstractJavaProjectConfigurator - Adding resource folder /WebApp/src/main/resources
2016-09-02 10:05:48,330 [Worker-26] INFO  o.e.m.j.i.AbstractJavaProjectConfigurator - Adding source folder /WebApp/src/test/java
2016-09-02 10:05:49,785 [Worker-26] INFO  o.e.m.c.i.p.ProjectConfigurationManager - Imported and configured 1 project(s) in 2 sec
2016-09-02 10:05:51,353 [Worker-24] WARN  o.e.m.c.i.embedder.EclipseLogger - Using platform encoding (Cp1252 actually) to copy filtered resources, i.e. build is platform dependent!
2016-09-02 10:05:51,369 [Worker-24] INFO  o.e.m.c.i.embedder.EclipseLogger - Copying 0 resource
2016-09-02 10:05:51,373 [Worker-24] WARN  o.e.m.c.i.embedder.EclipseLogger - Using platform encoding (Cp1252 actually) to copy filtered resources, i.e. build is platform dependent!
2016-09-02 10:05:51,384 [Worker-24] INFO  o.e.m.c.i.embedder.EclipseLogger - skip non existing resourceDirectory C:\Users\Steve_Revature\my_git_repos\1608_Aug15_Java_Steven\Week_3_JSPs_and_Servlet\WebApp\src\test\resources
2016-09-02 10:17:14,053 [Worker-32] WARN  o.e.m.c.i.embedder.EclipseLogger - Using platform encoding (Cp1252 actually) to copy filtered resources, i.e. build is platform dependent!
2016-09-02 10:17:14,068 [Worker-32] INFO  o.e.m.c.i.embedder.EclipseLogger - Copying 0 resource
2016-09-02 10:17:14,073 [Worker-32] WARN  o.e.m.c.i.embedder.EclipseLogger - Using platform encoding (Cp1252 actually) to copy filtered resources, i.e. build is platform dependent!
2016-09-02 10:17:14,084 [Worker-32] INFO  o.e.m.c.i.embedder.EclipseLogger - skip non existing resourceDirectory C:\Users\Steve_Revature\my_git_repos\1608_Aug15_Java_Steven\Week_3_JSPs_and_Servlet\WebApp\src\test\resources
2016-09-02 10:17:24,158 [Worker-35] WARN  o.e.m.c.i.embedder.EclipseLogger - Using platform encoding (Cp1252 actually) to copy filtered resources, i.e. build is platform dependent!
2016-09-02 10:17:24,177 [Worker-35] INFO  o.e.m.c.i.embedder.EclipseLogger - Copying 0 resource
2016-09-02 10:17:24,183 [Worker-35] WARN  o.e.m.c.i.embedder.EclipseLogger - Using platform encoding (Cp1252 actually) to copy filtered resources, i.e. build is platform dependent!
2016-09-02 10:17:24,196 [Worker-35] INFO  o.e.m.c.i.embedder.EclipseLogger - skip non existing resourceDirectory C:\Users\Steve_Revature\my_git_repos\1608_Aug15_Java_Steven\Week_3_JSPs_and_Servlet\WebApp\src\test\resources
2016-09-02 10:22:51,576 [Worker-35] WARN  o.e.m.c.i.embedder.EclipseLogger - Using platform encoding (Cp1252 actually) to copy filtered resources, i.e. build is platform dependent!
2016-09-02 10:22:51,586 [Worker-35] INFO  o.e.m.c.i.embedder.EclipseLogger - Copying 0 resource
2016-09-02 10:22:51,595 [Worker-35] WARN  o.e.m.c.i.embedder.EclipseLogger - Using platform encoding (Cp1252 actually) to copy filtered resources, i.e. build is platform dependent!
2016-09-02 10:22:51,611 [Worker-35] INFO  o.e.m.c.i.embedder.EclipseLogger - skip non existing resourceDirectory C:\Users\Steve_Revature\my_git_repos\1608_Aug15_Java_Steven\Week_3_JSPs_and_Servlet\WebApp\src\test\resources
2016-09-04 13:54:55,947 [Worker-17] INFO  o.e.m.c.i.embedder.EclipseLogger - Using 'UTF-8' encoding to copy filtered resources.
2016-09-04 13:54:55,963 [Worker-17] INFO  o.e.m.c.i.embedder.EclipseLogger - skip non existing resourceDirectory C:\Users\Steve_Revature\my_git_repos\1608_Aug15_Java_Steven\Week_3_JSPs_and_Servlet\MavenDemo\src\main\resources
2016-09-04 13:54:55,963 [Worker-17] INFO  o.e.m.c.i.embedder.EclipseLogger - Using 'UTF-8' encoding to copy filtered resources.
2016-09-04 13:54:55,963 [Worker-17] INFO  o.e.m.c.i.embedder.EclipseLogger - skip non existing resourceDirectory C:\Users\Steve_Revature\my_git_repos\1608_Aug15_Java_Steven\Week_3_JSPs_and_Servlet\MavenDemo\src\test\resources
2016-09-04 13:54:56,885 [Worker-6] WARN  o.e.m.c.i.embedder.EclipseLogger - Using platform encoding (Cp1252 actually) to copy filtered resources, i.e. build is platform dependent!
2016-09-04 13:54:56,900 [Worker-6] INFO  o.e.m.c.i.embedder.EclipseLogger - Copying 0 resource
2016-09-04 13:54:56,900 [Worker-6] WARN  o.e.m.c.i.embedder.EclipseLogger - Using platform encoding (Cp1252 actually) to copy filtered resources, i.e. build is platform dependent!
2016-09-04 13:54:56,900 [Worker-6] INFO  o.e.m.c.i.embedder.EclipseLogger - skip non existing resourceDirectory C:\Users\Steve_Revature\my_git_repos\1608_Aug15_Java_Steven\Week_3_JSPs_and_Servlet\WebApp\src\test\resources
2016-09-04 14:12:51,905 [Worker-3] INFO  o.e.m.c.i.embedder.EclipseLogger - Using 'UTF-8' encoding to copy filtered resources.
2016-09-04 14:12:51,921 [Worker-3] INFO  o.e.m.c.i.embedder.EclipseLogger - skip non existing resourceDirectory C:\Users\Steve_Revature\my_git_repos\1608_Aug15_Java_Steven\Week_3_JSPs_and_Servlet\MavenDemo\src\main\resources
2016-09-04 14:12:51,924 [Worker-3] INFO  o.e.m.c.i.embedder.EclipseLogger - Using 'UTF-8' encoding to copy filtered resources.
2016-09-04 14:12:51,924 [Worker-3] INFO  o.e.m.c.i.embedder.EclipseLogger - skip non existing resourceDirectory C:\Users\Steve_Revature\my_git_repos\1608_Aug15_Java_Steven\Week_3_JSPs_and_Servlet\MavenDemo\src\test\resources
2016-09-04 14:12:53,597 [Worker-5] WARN  o.e.m.c.i.embedder.EclipseLogger - Using platform encoding (Cp1252 actually) to copy filtered resources, i.e. build is platform dependent!
2016-09-04 14:12:53,616 [Worker-5] INFO  o.e.m.c.i.embedder.EclipseLogger - Copying 0 resource
2016-09-04 14:12:53,618 [Worker-5] WARN  o.e.m.c.i.embedder.EclipseLogger - Using platform encoding (Cp1252 actually) to copy filtered resources, i.e. build is platform dependent!
2016-09-04 14:12:53,629 [Worker-5] INFO  o.e.m.c.i.embedder.EclipseLogger - skip non existing resourceDirectory C:\Users\Steve_Revature\my_git_repos\1608_Aug15_Java_Steven\Week_3_JSPs_and_Servlet\WebApp\src\test\resources
2016-09-04 14:24:54,860 [Worker-10] INFO  o.e.m.c.i.embedder.EclipseLogger - Using 'UTF-8' encoding to copy filtered resources.
2016-09-04 14:24:54,865 [Worker-10] INFO  o.e.m.c.i.embedder.EclipseLogger - skip non existing resourceDirectory C:\Users\Steve_Revature\my_git_repos\1608_Aug15_Java_Steven\Week_3_JSPs_and_Servlet\MavenDemo\src\main\resources
2016-09-04 14:24:54,867 [Worker-10] INFO  o.e.m.c.i.embedder.EclipseLogger - Using 'UTF-8' encoding to copy filtered resources.
2016-09-04 14:24:54,867 [Worker-10] INFO  o.e.m.c.i.embedder.EclipseLogger - skip non existing resourceDirectory C:\Users\Steve_Revature\my_git_repos\1608_Aug15_Java_Steven\Week_3_JSPs_and_Servlet\MavenDemo\src\test\resources
2016-09-04 14:24:55,834 [Worker-10] WARN  o.e.m.c.i.embedder.EclipseLogger - Using platform encoding (Cp1252 actually) to copy filtered resources, i.e. build is platform dependent!
2016-09-04 14:24:55,863 [Worker-10] INFO  o.e.m.c.i.embedder.EclipseLogger - Copying 0 resource
2016-09-04 14:24:55,866 [Worker-10] WARN  o.e.m.c.i.embedder.EclipseLogger - Using platform encoding (Cp1252 actually) to copy filtered resources, i.e. build is platform dependent!
2016-09-04 14:24:55,884 [Worker-10] INFO  o.e.m.c.i.embedder.EclipseLogger - skip non existing resourceDirectory C:\Users\Steve_Revature\my_git_repos\1608_Aug15_Java_Steven\Week_3_JSPs_and_Servlet\WebApp\src\test\resources
2016-09-04 16:22:01,636 [Worker-41] INFO  o.e.m.c.i.embedder.EclipseLogger - Using 'UTF-8' encoding to copy filtered resources.
2016-09-04 16:22:01,640 [Worker-41] INFO  o.e.m.c.i.embedder.EclipseLogger - skip non existing resourceDirectory C:\Users\Steve_Revature\my_git_repos\1608_Aug15_Java_Steven\Week_3_JSPs_and_Servlet\MavenDemo\src\main\resources
2016-09-04 16:22:01,642 [Worker-41] INFO  o.e.m.c.i.embedder.EclipseLogger - Using 'UTF-8' encoding to copy filtered resources.
2016-09-04 16:22:01,642 [Worker-41] INFO  o.e.m.c.i.embedder.EclipseLogger - skip non existing resourceDirectory C:\Users\Steve_Revature\my_git_repos\1608_Aug15_Java_Steven\Week_3_JSPs_and_Servlet\MavenDemo\src\test\resources
2016-09-04 16:22:01,675 [Worker-41] WARN  o.e.m.c.i.embedder.EclipseLogger - Using platform encoding (Cp1252 actually) to copy filtered resources, i.e. build is platform dependent!
2016-09-04 16:22:01,686 [Worker-41] INFO  o.e.m.c.i.embedder.EclipseLogger - Copying 0 resource
2016-09-04 16:22:01,687 [Worker-41] WARN  o.e.m.c.i.embedder.EclipseLogger - Using platform encoding (Cp1252 actually) to copy filtered resources, i.e. build is platform dependent!
2016-09-04 16:22:01,692 [Worker-41] INFO  o.e.m.c.i.embedder.EclipseLogger - skip non existing resourceDirectory C:\Users\Steve_Revature\my_git_repos\1608_Aug15_Java_Steven\Week_3_JSPs_and_Servlet\WebApp\src\test\resources
2016-09-05 13:47:57,140 [Worker-19] INFO  o.e.m.c.i.embedder.EclipseLogger - Using 'UTF-8' encoding to copy filtered resources.
2016-09-05 13:47:57,149 [Worker-19] INFO  o.e.m.c.i.embedder.EclipseLogger - skip non existing resourceDirectory C:\Users\Steve_Revature\my_git_repos\1608_Aug15_Java_Steven\Week_3_JSPs_and_Servlet\MavenDemo\src\main\resources
2016-09-05 13:47:57,153 [Worker-19] INFO  o.e.m.c.i.embedder.EclipseLogger - Using 'UTF-8' encoding to copy filtered resources.
2016-09-05 13:47:57,154 [Worker-19] INFO  o.e.m.c.i.embedder.EclipseLogger - skip non existing resourceDirectory C:\Users\Steve_Revature\my_git_repos\1608_Aug15_Java_Steven\Week_3_JSPs_and_Servlet\MavenDemo\src\test\resources
2016-09-05 13:48:01,475 [Worker-6] WARN  o.e.m.c.i.embedder.EclipseLogger - Using platform encoding (Cp1252 actually) to copy filtered resources, i.e. build is platform dependent!
2016-09-05 13:48:01,543 [Worker-6] INFO  o.e.m.c.i.embedder.EclipseLogger - Copying 0 resource
2016-09-05 13:48:01,545 [Worker-6] WARN  o.e.m.c.i.embedder.EclipseLogger - Using platform encoding (Cp1252 actually) to copy filtered resources, i.e. build is platform dependent!
2016-09-05 13:48:01,557 [Worker-6] INFO  o.e.m.c.i.embedder.EclipseLogger - skip non existing resourceDirectory C:\Users\Steve_Revature\my_git_repos\1608_Aug15_Java_Steven\Week_3_JSPs_and_Servlet\WebApp\src\test\resources
